#
# There is insufficient memory for the Java Runtime Environment to continue.
# Native memory allocation (mmap) failed to map 65536 bytes for committing reserved memory.
# Possible reasons:
#   The system is out of physical RAM or swap space
#   In 32 bit mode, the process size limit was hit
# Possible solutions:
#   Reduce memory load on the system
#   Increase physical memory or swap space
#   Check if swap backing store is full
#   Use 64 bit Java on a 64 bit OS
#   Decrease Java heap size (-Xmx/-Xms)
#   Decrease number of Java threads
#   Decrease Java thread stack sizes (-Xss)
#   Set larger code cache with -XX:ReservedCodeCacheSize=
# This output file may be truncated or incomplete.
#
#  Out of Memory Error (os_linux.cpp:2627), pid=10892, tid=139881639499520
#
# JRE version: Java(TM) SE Runtime Environment (8.0_72-b15) (build 1.8.0_72-b15)
# Java VM: Java HotSpot(TM) 64-Bit Server VM (25.72-b15 mixed mode linux-amd64 compressed oops)
# Failed to write core dump. Core dumps have been disabled. To enable core dumping, try "ulimit -c unlimited" before starting Java again
#

---------------  T H R E A D  ---------------

Current thread (0x00007f38cc0b1000):  JavaThread "C1 CompilerThread1" daemon [_thread_in_vm, id=10909, stack(0x00007f38bb5ed000,0x00007f38bb6ee000)]

Stack: [0x00007f38bb5ed000,0x00007f38bb6ee000],  sp=0x00007f38bb6ebdd0,  free space=1019k
Native frames: (J=compiled Java code, j=interpreted, Vv=VM code, C=native code)
V  [libjvm.so+0xaba7ea]  VMError::report_and_die()+0x2ba
V  [libjvm.so+0x4f9e3b]  report_vm_out_of_memory(char const*, int, unsigned long, VMErrorType, char const*)+0x8b
V  [libjvm.so+0x91b613]  os::Linux::commit_memory_impl(char*, unsigned long, bool)+0x103
V  [libjvm.so+0x91bb69]  os::pd_commit_memory(char*, unsigned long, unsigned long, bool)+0x29
V  [libjvm.so+0x915e6a]  os::commit_memory(char*, unsigned long, unsigned long, bool)+0x2a
V  [libjvm.so+0xab6549]  VirtualSpace::expand_by(unsigned long, bool)+0x199
V  [libjvm.so+0x6172fc]  CodeHeap::expand_by(unsigned long)+0x8c
V  [libjvm.so+0x47e290]  CodeCache::allocate(int, bool)+0x60
V  [libjvm.so+0x8e3d4c]  nmethod::new_nmethod(methodHandle, int, int, CodeOffsets*, int, DebugInformationRecorder*, Dependencies*, CodeBuffer*, int, OopMapSet*, ExceptionHandlerTable*, ImplicitExceptionTable*, AbstractCompiler*, int)+0x1fc
V  [libjvm.so+0x413ffb]  ciEnv::register_method(ciMethod*, int, CodeOffsets*, int, CodeBuffer*, int, OopMapSet*, ExceptionHandlerTable*, ImplicitExceptionTable*, AbstractCompiler*, int, bool, bool, RTMState)+0x42b
V  [libjvm.so+0x357c69]  Compilation::install_code(int)+0xc9
V  [libjvm.so+0x35915c]  Compilation::compile_method()+0xec
V  [libjvm.so+0x35942e]  Compilation::Compilation(AbstractCompiler*, ciEnv*, ciMethod*, int, BufferBlob*)+0x25e
V  [libjvm.so+0x35a1d9]  Compiler::compile_method(ciEnv*, ciMethod*, int)+0xa9
V  [libjvm.so+0x4ad37a]  CompileBroker::invoke_compiler_on_method(CompileTask*)+0xc9a
V  [libjvm.so+0x4ae326]  CompileBroker::compiler_thread_loop()+0x5d6
V  [libjvm.so+0xa69dcf]  JavaThread::thread_main_inner()+0xdf
V  [libjvm.so+0xa69efc]  JavaThread::run()+0x11c
V  [libjvm.so+0x91d9d8]  java_start(Thread*)+0x108
C  [libpthread.so.0+0x8182]  start_thread+0xc2


Current CompileTask:
C1:  11401 4745       2       com.sun.tools.javac.jvm.Gen::setTypeAnnotationPositions (343 bytes)


---------------  P R O C E S S  ---------------

Java Threads: ( => current thread )
  0x00007f38cc0b4000 JavaThread "Service Thread" daemon [_thread_blocked, id=10910, stack(0x00007f38bb4ec000,0x00007f38bb5ed000)]
=>0x00007f38cc0b1000 JavaThread "C1 CompilerThread1" daemon [_thread_in_vm, id=10909, stack(0x00007f38bb5ed000,0x00007f38bb6ee000)]
  0x00007f38cc0ae800 JavaThread "C2 CompilerThread0" daemon [_thread_in_vm, id=10908, stack(0x00007f38bb6ee000,0x00007f38bb7ef000)]
  0x00007f38cc0ad800 JavaThread "Signal Dispatcher" daemon [_thread_blocked, id=10907, stack(0x00007f38bb7ef000,0x00007f38bb8f0000)]
  0x00007f38cc07a800 JavaThread "Finalizer" daemon [_thread_blocked, id=10906, stack(0x00007f38bba79000,0x00007f38bbb7a000)]
  0x00007f38cc076000 JavaThread "Reference Handler" daemon [_thread_blocked, id=10905, stack(0x00007f38bbb7a000,0x00007f38bbc7b000)]
  0x00007f38cc009800 JavaThread "main" [_thread_blocked, id=10903, stack(0x00007f38d2af2000,0x00007f38d2bf3000)]

Other Threads:
  0x00007f38cc06e000 VMThread [stack: 0x00007f38bbc7b000,0x00007f38bbd7c000] [id=10904]
  0x00007f38cc0b7000 WatcherThread [stack: 0x00007f38bb3eb000,0x00007f38bb4ec000] [id=10911]

VM state:not at safepoint (normal execution)

VM Mutex/Monitor currently owned by a thread:  ([mutex/lock_event])
[0x00007f38cc0053d0] CodeCache_lock - owner thread: 0x00007f38cc0b1000
[0x00007f38cc006a50] Compile_lock - owner thread: 0x00007f38cc0b1000
[0x00007f38cc006b50] MethodCompileQueue_lock - owner thread: 0x00007f38cc0b1000

Heap:
 def new generation   total 20736K, used 17709K [0x00000000f0600000, 0x00000000f1c70000, 0x00000000f5950000)
  eden space 18496K,  83% used [0x00000000f0600000, 0x00000000f151b750, 0x00000000f1810000)
  from space 2240K, 100% used [0x00000000f1810000, 0x00000000f1a40000, 0x00000000f1a40000)
  to   space 2240K,   0% used [0x00000000f1a40000, 0x00000000f1a40000, 0x00000000f1c70000)
 tenured generation   total 45932K, used 39132K [0x00000000f5950000, 0x00000000f862b000, 0x0000000100000000)
   the space 45932K,  85% used [0x00000000f5950000, 0x00000000f7f87138, 0x00000000f7f87200, 0x00000000f862b000)
 Metaspace       used 31354K, capacity 31872K, committed 32128K, reserved 1077248K
  class space    used 3556K, capacity 3662K, committed 3712K, reserved 1048576K

Card table byte_map: [0x00007f38d2a6c000,0x00007f38d2aea000] byte_map_base: 0x00007f38d22e9000

Polling page: 0x00007f38d2bfb000

CodeCache: size=245760Kb used=12629Kb max_used=12629Kb free=233130Kb
 bounds [0x00007f38bcbd9000, 0x00007f38bd839000, 0x00007f38cbbd9000]
 total_blobs=4831 nmethods=4448 adapters=296
 compilation: enabled

Compilation events (10 events):
Event: 11.350 Thread 0x00007f38cc0b1000 nmethod 4737 0x00007f38bd836ad0 code [0x00007f38bd836c60, 0x00007f38bd837080]
Event: 11.350 Thread 0x00007f38cc0b1000 4741       2       com.sun.tools.javac.jvm.Pool$Variable::hashCode (38 bytes)
Event: 11.353 Thread 0x00007f38cc0b1000 nmethod 4741 0x00007f38bd837310 code [0x00007f38bd8374a0, 0x00007f38bd837740]
Event: 11.353 Thread 0x00007f38cc0b1000 4736       2       com.sun.tools.javac.code.Symbol$DelegatedSymbol::erasure (9 bytes)
Event: 11.353 Thread 0x00007f38cc0b1000 nmethod 4736 0x00007f38bd837990 code [0x00007f38bd837b00, 0x00007f38bd837c60]
Event: 11.353 Thread 0x00007f38cc0b1000 4738       2       com.sun.tools.javac.jvm.Code::newLocal (25 bytes)
Event: 11.353 Thread 0x00007f38cc0b1000 nmethod 4738 0x00007f38bd837d10 code [0x00007f38bd837ec0, 0x00007f38bd8381c8]
Event: 11.353 Thread 0x00007f38cc0b1000 4739       2       com.sun.tools.javac.jvm.Code::newLocal (9 bytes)
Event: 11.353 Thread 0x00007f38cc0b1000 nmethod 4739 0x00007f38bd838510 code [0x00007f38bd838680, 0x00007f38bd838810]
Event: 11.356 Thread 0x00007f38cc0b1000 4745       2       com.sun.tools.javac.jvm.Gen::setTypeAnnotationPositions (343 bytes)

GC Heap History (10 events):
Event: 8.107 GC heap before
{Heap before GC invocations=48 (full 2):
 def new generation   total 11456K, used 11456K [0x00000000f0600000, 0x00000000f1260000, 0x00000000f5950000)
  eden space 10240K, 100% used [0x00000000f0600000, 0x00000000f1000000, 0x00000000f1000000)
  from space 1216K, 100% used [0x00000000f1000000, 0x00000000f1130000, 0x00000000f1130000)
  to   space 1216K,   0% used [0x00000000f1130000, 0x00000000f1130000, 0x00000000f1260000)
 tenured generation   total 25256K, used 24375K [0x00000000f5950000, 0x00000000f71fa000, 0x0000000100000000)
   the space 25256K,  96% used [0x00000000f5950000, 0x00000000f711deb0, 0x00000000f711e000, 0x00000000f71fa000)
 Metaspace       used 24023K, capacity 24512K, committed 24704K, reserved 1071104K
  class space    used 2712K, capacity 2830K, committed 2944K, reserved 1048576K
Event: 8.206 GC heap after
Heap after GC invocations=49 (full 3):
 def new generation   total 20736K, used 17K [0x00000000f0600000, 0x00000000f1c70000, 0x00000000f5950000)
  eden space 18496K,   0% used [0x00000000f0600000, 0x00000000f06046d8, 0x00000000f1810000)
  from space 2240K,   0% used [0x00000000f1810000, 0x00000000f1810000, 0x00000000f1a40000)
  to   space 2240K,   0% used [0x00000000f1a40000, 0x00000000f1a40000, 0x00000000f1c70000)
 tenured generation   total 45932K, used 27558K [0x00000000f5950000, 0x00000000f862b000, 0x0000000100000000)
   the space 45932K,  59% used [0x00000000f5950000, 0x00000000f7439b98, 0x00000000f7439c00, 0x00000000f862b000)
 Metaspace       used 24023K, capacity 24512K, committed 24704K, reserved 1071104K
  class space    used 2712K, capacity 2830K, committed 2944K, reserved 1048576K
}
Event: 8.682 GC heap before
{Heap before GC invocations=49 (full 3):
 def new generation   total 20736K, used 18483K [0x00000000f0600000, 0x00000000f1c70000, 0x00000000f5950000)
  eden space 18496K,  99% used [0x00000000f0600000, 0x00000000f180cf48, 0x00000000f1810000)
  from space 2240K,   0% used [0x00000000f1810000, 0x00000000f1810000, 0x00000000f1a40000)
  to   space 2240K,   0% used [0x00000000f1a40000, 0x00000000f1a40000, 0x00000000f1c70000)
 tenured generation   total 45932K, used 27558K [0x00000000f5950000, 0x00000000f862b000, 0x0000000100000000)
   the space 45932K,  59% used [0x00000000f5950000, 0x00000000f7439b98, 0x00000000f7439c00, 0x00000000f862b000)
 Metaspace       used 27017K, capacity 27488K, committed 27776K, reserved 1073152K
  class space    used 3053K, capacity 3182K, committed 3200K, reserved 1048576K
Event: 8.728 GC heap after
Heap after GC invocations=50 (full 3):
 def new generation   total 20736K, used 2240K [0x00000000f0600000, 0x00000000f1c70000, 0x00000000f5950000)
  eden space 18496K,   0% used [0x00000000f0600000, 0x00000000f0600000, 0x00000000f1810000)
  from space 2240K, 100% used [0x00000000f1a40000, 0x00000000f1c70000, 0x00000000f1c70000)
  to   space 2240K,   0% used [0x00000000f1810000, 0x00000000f1810000, 0x00000000f1a40000)
 tenured generation   total 45932K, used 29934K [0x00000000f5950000, 0x00000000f862b000, 0x0000000100000000)
   the space 45932K,  65% used [0x00000000f5950000, 0x00000000f768b9a0, 0x00000000f768ba00, 0x00000000f862b000)
 Metaspace       used 27017K, capacity 27488K, committed 27776K, reserved 1073152K
  class space    used 3053K, capacity 3182K, committed 3200K, reserved 1048576K
}
Event: 9.353 GC heap before
{Heap before GC invocations=50 (full 3):
 def new generation   total 20736K, used 20736K [0x00000000f0600000, 0x00000000f1c70000, 0x00000000f5950000)
  eden space 18496K, 100% used [0x00000000f0600000, 0x00000000f1810000, 0x00000000f1810000)
  from space 2240K, 100% used [0x00000000f1a40000, 0x00000000f1c70000, 0x00000000f1c70000)
  to   space 2240K,   0% used [0x00000000f1810000, 0x00000000f1810000, 0x00000000f1a40000)
 tenured generation   total 45932K, used 29934K [0x00000000f5950000, 0x00000000f862b000, 0x0000000100000000)
   the space 45932K,  65% used [0x00000000f5950000, 0x00000000f768b9a0, 0x00000000f768ba00, 0x00000000f862b000)
 Metaspace       used 30130K, capacity 30624K, committed 30720K, reserved 1077248K
  class space    used 3446K, capacity 3566K, committed 3584K, reserved 1048576K
Event: 9.380 GC heap after
Heap after GC invocations=51 (full 3):
 def new generation   total 20736K, used 2240K [0x00000000f0600000, 0x00000000f1c70000, 0x00000000f5950000)
  eden space 18496K,   0% used [0x00000000f0600000, 0x00000000f0600000, 0x00000000f1810000)
  from space 2240K, 100% used [0x00000000f1810000, 0x00000000f1a40000, 0x00000000f1a40000)
  to   space 2240K,   0% used [0x00000000f1a40000, 0x00000000f1a40000, 0x00000000f1c70000)
 tenured generation   total 45932K, used 33337K [0x00000000f5950000, 0x00000000f862b000, 0x0000000100000000)
   the space 45932K,  72% used [0x00000000f5950000, 0x00000000f79de450, 0x00000000f79de600, 0x00000000f862b000)
 Metaspace       used 30130K, capacity 30624K, committed 30720K, reserved 1077248K
  class space    used 3446K, capacity 3566K, committed 3584K, reserved 1048576K
}
Event: 10.170 GC heap before
{Heap before GC invocations=51 (full 3):
 def new generation   total 20736K, used 20736K [0x00000000f0600000, 0x00000000f1c70000, 0x00000000f5950000)
  eden space 18496K, 100% used [0x00000000f0600000, 0x00000000f1810000, 0x00000000f1810000)
  from space 2240K, 100% used [0x00000000f1810000, 0x00000000f1a40000, 0x00000000f1a40000)
  to   space 2240K,   0% used [0x00000000f1a40000, 0x00000000f1a40000, 0x00000000f1c70000)
 tenured generation   total 45932K, used 33337K [0x00000000f5950000, 0x00000000f862b000, 0x0000000100000000)
   the space 45932K,  72% used [0x00000000f5950000, 0x00000000f79de450, 0x00000000f79de600, 0x00000000f862b000)
 Metaspace       used 30591K, capacity 31104K, committed 31360K, reserved 1077248K
  class space    used 3485K, capacity 3598K, committed 3712K, reserved 1048576K
Event: 10.184 GC heap after
Heap after GC invocations=52 (full 3):
 def new generation   total 20736K, used 2240K [0x00000000f0600000, 0x00000000f1c70000, 0x00000000f5950000)
  eden space 18496K,   0% used [0x00000000f0600000, 0x00000000f0600000, 0x00000000f1810000)
  from space 2240K, 100% used [0x00000000f1a40000, 0x00000000f1c70000, 0x00000000f1c70000)
  to   space 2240K,   0% used [0x00000000f1810000, 0x00000000f1810000, 0x00000000f1a40000)
 tenured generation   total 45932K, used 36362K [0x00000000f5950000, 0x00000000f862b000, 0x0000000100000000)
   the space 45932K,  79% used [0x00000000f5950000, 0x00000000f7cd29e0, 0x00000000f7cd2a00, 0x00000000f862b000)
 Metaspace       used 30591K, capacity 31104K, committed 31360K, reserved 1077248K
  class space    used 3485K, capacity 3598K, committed 3712K, reserved 1048576K
}
Event: 10.434 GC heap before
{Heap before GC invocations=52 (full 3):
 def new generation   total 20736K, used 20736K [0x00000000f0600000, 0x00000000f1c70000, 0x00000000f5950000)
  eden space 18496K, 100% used [0x00000000f0600000, 0x00000000f1810000, 0x00000000f1810000)
  from space 2240K, 100% used [0x00000000f1a40000, 0x00000000f1c70000, 0x00000000f1c70000)
  to   space 2240K,   0% used [0x00000000f1810000, 0x00000000f1810000, 0x00000000f1a40000)
 tenured generation   total 45932K, used 36362K [0x00000000f5950000, 0x00000000f862b000, 0x0000000100000000)
   the space 45932K,  79% used [0x00000000f5950000, 0x00000000f7cd29e0, 0x00000000f7cd2a00, 0x00000000f862b000)
 Metaspace       used 30647K, capacity 31168K, committed 31360K, reserved 1077248K
  class space    used 3485K, capacity 3598K, committed 3712K, reserved 1048576K
Event: 10.450 GC heap after
Heap after GC invocations=53 (full 3):
 def new generation   total 20736K, used 2240K [0x00000000f0600000, 0x00000000f1c70000, 0x00000000f5950000)
  eden space 18496K,   0% used [0x00000000f0600000, 0x00000000f0600000, 0x00000000f1810000)
  from space 2240K, 100% used [0x00000000f1810000, 0x00000000f1a40000, 0x00000000f1a40000)
  to   space 2240K,   0% used [0x00000000f1a40000, 0x00000000f1a40000, 0x00000000f1c70000)
 tenured generation   total 45932K, used 39132K [0x00000000f5950000, 0x00000000f862b000, 0x0000000100000000)
   the space 45932K,  85% used [0x00000000f5950000, 0x00000000f7f87138, 0x00000000f7f87200, 0x00000000f862b000)
 Metaspace       used 30647K, capacity 31168K, committed 31360K, reserved 1077248K
  class space    used 3485K, capacity 3598K, committed 3712K, reserved 1048576K
}

Deoptimization events (10 events):
Event: 10.661 Thread 0x00007f38cc009800 Uncommon trap: reason=class_check action=maybe_recompile pc=0x00007f38bd6f4204 method=com.sun.tools.javac.code.Types$18.visitClassType(Lcom/sun/tools/javac/code/Type$ClassType;Ljava/lang/Void;)Lcom/sun/tools/javac/code/Type; @ 19
Event: 10.689 Thread 0x00007f38cc009800 Uncommon trap: reason=class_check action=maybe_recompile pc=0x00007f38bd6f4204 method=com.sun.tools.javac.code.Types$18.visitClassType(Lcom/sun/tools/javac/code/Type$ClassType;Ljava/lang/Void;)Lcom/sun/tools/javac/code/Type; @ 19
Event: 10.689 Thread 0x00007f38cc009800 Uncommon trap: reason=class_check action=maybe_recompile pc=0x00007f38bd6f4204 method=com.sun.tools.javac.code.Types$18.visitClassType(Lcom/sun/tools/javac/code/Type$ClassType;Ljava/lang/Void;)Lcom/sun/tools/javac/code/Type; @ 19
Event: 10.709 Thread 0x00007f38cc009800 Uncommon trap: reason=class_check action=maybe_recompile pc=0x00007f38bd700d9c method=com.sun.tools.javac.code.Types$18.visitClassType(Lcom/sun/tools/javac/code/Type$ClassType;Ljava/lang/Void;)Lcom/sun/tools/javac/code/Type; @ 19
Event: 11.090 Thread 0x00007f38cc009800 Uncommon trap: reason=class_check action=maybe_recompile pc=0x00007f38bd68ed64 method=com.sun.tools.javac.code.Type.containsAny(Lcom/sun/tools/javac/util/List;)Z @ 6
Event: 11.091 Thread 0x00007f38cc009800 Uncommon trap: reason=class_check action=maybe_recompile pc=0x00007f38bd68ed64 method=com.sun.tools.javac.code.Type.containsAny(Lcom/sun/tools/javac/util/List;)Z @ 6
Event: 11.138 Thread 0x00007f38cc009800 Uncommon trap: reason=class_check action=maybe_recompile pc=0x00007f38bd68ed64 method=com.sun.tools.javac.code.Type.containsAny(Lcom/sun/tools/javac/util/List;)Z @ 6
Event: 11.151 Thread 0x00007f38cc009800 Uncommon trap: reason=class_check action=maybe_recompile pc=0x00007f38bd68ed64 method=com.sun.tools.javac.code.Type.containsAny(Lcom/sun/tools/javac/util/List;)Z @ 6
Event: 11.197 Thread 0x00007f38cc009800 Uncommon trap: reason=unstable_if action=reinterpret pc=0x00007f38bd71ad78 method=com.sun.tools.javac.code.Scope.enter(Lcom/sun/tools/javac/code/Symbol;Lcom/sun/tools/javac/code/Scope;Lcom/sun/tools/javac/code/Scope;Z)V @ 116
Event: 11.199 Thread 0x00007f38cc009800 Uncommon trap: reason=unstable_if action=reinterpret pc=0x00007f38bd6c2d2c method=com.sun.tools.javac.util.ListBuffer.append(Ljava/lang/Object;)Lcom/sun/tools/javac/util/ListBuffer; @ 9

Internal exceptions (10 events):
Event: 6.671 Thread 0x00007f38cc009800 Exception <a 'java/io/FileNotFoundException'> (0x00000000f0bc14d8) thrown at [/HUDSON/workspace/8-2-build-linux-amd64/jdk8u72/5732/hotspot/src/share/vm/prims/jni.cpp, line 709]
Event: 6.677 Thread 0x00007f38cc009800 Exception <a 'java/io/FileNotFoundException'> (0x00000000f0c01070) thrown at [/HUDSON/workspace/8-2-build-linux-amd64/jdk8u72/5732/hotspot/src/share/vm/prims/jni.cpp, line 709]
Event: 9.500 Thread 0x00007f38cc009800 Exception <a 'java/io/FileNotFoundException'> (0x00000000f088a918) thrown at [/HUDSON/workspace/8-2-build-linux-amd64/jdk8u72/5732/hotspot/src/share/vm/prims/jni.cpp, line 709]
Event: 9.503 Thread 0x00007f38cc009800 Exception <a 'java/io/FileNotFoundException'> (0x00000000f088b3b8) thrown at [/HUDSON/workspace/8-2-build-linux-amd64/jdk8u72/5732/hotspot/src/share/vm/prims/jni.cpp, line 709]
Event: 9.503 Thread 0x00007f38cc009800 Exception <a 'java/io/FileNotFoundException'> (0x00000000f088c9f0) thrown at [/HUDSON/workspace/8-2-build-linux-amd64/jdk8u72/5732/hotspot/src/share/vm/prims/jni.cpp, line 709]
Event: 9.503 Thread 0x00007f38cc009800 Exception <a 'java/io/FileNotFoundException'> (0x00000000f088d528) thrown at [/HUDSON/workspace/8-2-build-linux-amd64/jdk8u72/5732/hotspot/src/share/vm/prims/jni.cpp, line 709]
Event: 10.148 Thread 0x00007f38cc009800 Exception <a 'java/io/FileNotFoundException'> (0x00000000f170c5d0) thrown at [/HUDSON/workspace/8-2-build-linux-amd64/jdk8u72/5732/hotspot/src/share/vm/prims/jni.cpp, line 709]
Event: 10.148 Thread 0x00007f38cc009800 Exception <a 'java/io/FileNotFoundException'> (0x00000000f170d070) thrown at [/HUDSON/workspace/8-2-build-linux-amd64/jdk8u72/5732/hotspot/src/share/vm/prims/jni.cpp, line 709]
Event: 10.148 Thread 0x00007f38cc009800 Exception <a 'java/io/FileNotFoundException'> (0x00000000f170e5c8) thrown at [/HUDSON/workspace/8-2-build-linux-amd64/jdk8u72/5732/hotspot/src/share/vm/prims/jni.cpp, line 709]
Event: 10.148 Thread 0x00007f38cc009800 Exception <a 'java/io/FileNotFoundException'> (0x00000000f170f100) thrown at [/HUDSON/workspace/8-2-build-linux-amd64/jdk8u72/5732/hotspot/src/share/vm/prims/jni.cpp, line 709]

Events (10 events):
Event: 11.163 loading class com/sun/tools/javac/comp/Infer$IncorporationBinaryOp
Event: 11.163 loading class com/sun/tools/javac/comp/Infer$IncorporationBinaryOp done
Event: 11.197 Thread 0x00007f38cc009800 Uncommon trap: trap_request=0xffffff65 fr.pc=0x00007f38bd71ad78
Event: 11.198 Thread 0x00007f38cc009800 DEOPT PACKING pc=0x00007f38bd71ad78 sp=0x00007f38d2befbf0
Event: 11.198 Thread 0x00007f38cc009800 DEOPT UNPACKING pc=0x00007f38bcbddf69 sp=0x00007f38d2befbc0 mode 2
Event: 11.199 Thread 0x00007f38cc009800 Uncommon trap: trap_request=0xffffff65 fr.pc=0x00007f38bd6c2d2c
Event: 11.199 Thread 0x00007f38cc009800 DEOPT PACKING pc=0x00007f38bd6c2d2c sp=0x00007f38d2bef4f0
Event: 11.199 Thread 0x00007f38cc009800 DEOPT UNPACKING pc=0x00007f38bcbddf69 sp=0x00007f38d2bef4b0 mode 2
Event: 11.245 Executing VM operation: ForceSafepoint
Event: 11.247 Executing VM operation: ForceSafepoint done


Dynamic libraries:
00400000-00401000 r-xp 00000000 ca:01 151594                             /usr/lib/jvm/java-8-oracle/bin/java
00600000-00601000 rw-p 00000000 ca:01 151594                             /usr/lib/jvm/java-8-oracle/bin/java
0225b000-0227c000 rw-p 00000000 00:00 0                                  [heap]
f0600000-f1c70000 rw-p 00000000 00:00 0 
f1c70000-f5950000 ---p 00000000 00:00 0 
f5950000-f862b000 rw-p 00000000 00:00 0 
f862b000-100000000 ---p 00000000 00:00 0 
100000000-1003a0000 rw-p 00000000 00:00 0 
1003a0000-140000000 ---p 00000000 00:00 0 
7f389c000000-7f389cd04000 rw-p 00000000 00:00 0 
7f389cd04000-7f38a0000000 ---p 00000000 00:00 0 
7f38a0000000-7f38a0021000 rw-p 00000000 00:00 0 
7f38a0021000-7f38a4000000 ---p 00000000 00:00 0 
7f38a4000000-7f38a4021000 rw-p 00000000 00:00 0 
7f38a4021000-7f38a8000000 ---p 00000000 00:00 0 
7f38a8000000-7f38a9e90000 rw-p 00000000 00:00 0 
7f38a9e90000-7f38ac000000 ---p 00000000 00:00 0 
7f38ac000000-7f38ac021000 rw-p 00000000 00:00 0 
7f38ac021000-7f38b0000000 ---p 00000000 00:00 0 
7f38b0000000-7f38b0021000 rw-p 00000000 00:00 0 
7f38b0021000-7f38b4000000 ---p 00000000 00:00 0 
7f38b4000000-7f38b4170000 rw-p 00000000 00:00 0 
7f38b4170000-7f38b8000000 ---p 00000000 00:00 0 
7f38b97a9000-7f38b9969000 rw-p 00000000 00:00 0 
7f38b9969000-7f38b99a9000 ---p 00000000 00:00 0 
7f38b99a9000-7f38b9ba9000 rw-p 00000000 00:00 0 
7f38b9ba9000-7f38b9da9000 rw-p 00000000 00:00 0 
7f38b9da9000-7f38b9fa9000 rw-p 00000000 00:00 0 
7f38b9fa9000-7f38ba1a9000 rw-p 00000000 00:00 0 
7f38ba1a9000-7f38ba1aa000 r--s 0000c000 ca:01 288203                     /home/ubuntu/.m2/repository/org/eclipse/persistence/org.eclipse.persistence.jpa.modelgen.processor/2.5.2/org.eclipse.persistence.jpa.modelgen.processor-2.5.2.jar
7f38ba1aa000-7f38ba1b3000 r--s 000e4000 ca:01 288202                     /home/ubuntu/.m2/repository/mysql/mysql-connector-java/5.1.35/mysql-connector-java-5.1.35.jar
7f38ba1b3000-7f38ba1b5000 r--s 00004000 ca:01 288201                     /home/ubuntu/.m2/repository/org/eclipse/persistence/commonj.sdo/2.1.1/commonj.sdo-2.1.1.jar
7f38ba1b5000-7f38ba1bb000 r--s 00022000 ca:01 288197                     /home/ubuntu/.m2/repository/org/eclipse/persistence/javax.persistence/2.1.0/javax.persistence-2.1.0.jar
7f38ba1bb000-7f38ba237000 r--s 007c0000 ca:01 288196                     /home/ubuntu/.m2/repository/org/eclipse/persistence/eclipselink/2.5.2/eclipselink-2.5.2.jar
7f38ba237000-7f38ba245000 r--s 000b1000 ca:01 288195                     /home/ubuntu/.m2/repository/org/codehaus/jackson/jackson-mapper-asl/1.9.13/jackson-mapper-asl-1.9.13.jar
7f38ba245000-7f38ba249000 r--s 00035000 ca:01 288194                     /home/ubuntu/.m2/repository/org/codehaus/jackson/jackson-core-asl/1.9.13/jackson-core-asl-1.9.13.jar
7f38ba249000-7f38ba24c000 r--s 00007000 ca:01 288190                     /home/ubuntu/.m2/repository/com/fasterxml/jackson/core/jackson-annotations/2.4.0/jackson-annotations-2.4.0.jar
7f38ba24c000-7f38ba25d000 r--s 000f6000 ca:01 288187                     /home/ubuntu/.m2/repository/com/fasterxml/jackson/core/jackson-databind/2.4.1.1/jackson-databind-2.4.1.1.jar
7f38ba25d000-7f38ba261000 r--s 00034000 ca:01 288186                     /home/ubuntu/.m2/repository/com/fasterxml/jackson/core/jackson-core/2.4.1/jackson-core-2.4.1.jar
7f38ba318000-7f38ba31c000 r--s 00027000 ca:01 170490                     /home/ubuntu/.m2/repository/commons-io/commons-io/2.2/commons-io-2.2.jar
7f38ba31c000-7f38ba31e000 r--s 0000f000 ca:01 288248                     /home/ubuntu/.m2/repository/commons-fileupload/commons-fileupload/1.3/commons-fileupload-1.3.jar
7f38ba31e000-7f38ba322000 r--s 00028000 ca:01 288246                     /home/ubuntu/.m2/repository/org/springframework/spring-context-support/4.2.0.RELEASE/spring-context-support-4.2.0.RELEASE.jar
7f38ba322000-7f38ba324000 r--s 00000000 ca:01 288242                     /home/ubuntu/.m2/repository/aopalliance/aopalliance/1.0/aopalliance-1.0.jar
7f38ba324000-7f38ba32d000 r--s 00050000 ca:01 288239                     /home/ubuntu/.m2/repository/org/springframework/spring-aop/4.2.0.RELEASE/spring-aop-4.2.0.RELEASE.jar
7f38ba32d000-7f38ba33d000 r--s 000ab000 ca:01 288238                     /home/ubuntu/.m2/repository/org/springframework/spring-web/4.2.0.RELEASE/spring-web-4.2.0.RELEASE.jar
7f38ba33d000-7f38ba346000 r--s 0005e000 ca:01 288237                     /home/ubuntu/.m2/repository/org/springframework/spring-jdbc/4.2.0.RELEASE/spring-jdbc-4.2.0.RELEASE.jar
7f38ba346000-7f38ba350000 r--s 00068000 ca:01 288235                     /home/ubuntu/.m2/repository/org/springframework/spring-orm/4.2.0.RELEASE/spring-orm-4.2.0.RELEASE.jar
7f38ba350000-7f38ba358000 r--s 00039000 ca:01 288232                     /home/ubuntu/.m2/repository/org/springframework/spring-tx/4.2.0.RELEASE/spring-tx-4.2.0.RELEASE.jar
7f38ba358000-7f38ba35d000 r--s 0003c000 ca:01 288231                     /home/ubuntu/.m2/repository/org/springframework/spring-expression/4.2.0.RELEASE/spring-expression-4.2.0.RELEASE.jar
7f38ba35d000-7f38ba35f000 r--s 0000e000 ca:01 288228                     /home/ubuntu/.m2/repository/commons-logging/commons-logging/1.2/commons-logging-1.2.jar
7f38ba35f000-7f38ba374000 r--s 000ec000 ca:01 170488                     /home/ubuntu/.m2/repository/org/springframework/spring-core/4.2.0.RELEASE/spring-core-4.2.0.RELEASE.jar
7f38ba374000-7f38ba38c000 r--s 000f1000 ca:01 288227                     /home/ubuntu/.m2/repository/org/springframework/spring-context/4.2.0.RELEASE/spring-context-4.2.0.RELEASE.jar
7f38ba38c000-7f38ba39a000 r--s 000a5000 ca:01 170486                     /home/ubuntu/.m2/repository/org/springframework/spring-beans/4.2.0.RELEASE/spring-beans-4.2.0.RELEASE.jar
7f38ba39a000-7f38ba3ab000 r--s 000c3000 ca:01 288224                     /home/ubuntu/.m2/repository/org/springframework/spring-webmvc/4.2.0.RELEASE/spring-webmvc-4.2.0.RELEASE.jar
7f38ba3ab000-7f38ba3ae000 r--s 00016000 ca:01 288221                     /home/ubuntu/.m2/repository/javax/servlet/jsp/jsp-api/2.1/jsp-api-2.1.jar
7f38ba3ae000-7f38ba3b0000 r--s 00018000 ca:01 288220                     /home/ubuntu/.m2/repository/javax/servlet/servlet-api/2.5/servlet-api-2.5.jar
7f38ba3b0000-7f38ba3b1000 r--s 00003000 ca:01 288217                     /home/ubuntu/.m2/repository/javax/transaction/jta/1.1/jta-1.1.jar
7f38ba3b1000-7f38ba3d3000 r--s 00120000 ca:01 288215                     /home/ubuntu/.m2/repository/javax/javaee-web-api/7.0/javaee-web-api-7.0.jar
7f38ba3d3000-7f38ba3f0000 r--s 00131000 ca:01 288213                     /home/ubuntu/.m2/repository/org/eclipse/persistence/org.eclipse.persistence.jpa.jpql/2.5.2/org.eclipse.persistence.jpa.jpql-2.5.2.jar
7f38ba3f0000-7f38ba3f5000 r--s 0002a000 ca:01 288211                     /home/ubuntu/.m2/repository/org/eclipse/persistence/org.eclipse.persistence.antlr/2.5.2/org.eclipse.persistence.antlr-2.5.2.jar
7f38ba3f5000-7f38ba40b000 r--s 00138000 ca:01 288210                     /home/ubuntu/.m2/repository/org/eclipse/persistence/org.eclipse.persistence.jpa/2.5.2/org.eclipse.persistence.jpa-2.5.2.jar
7f38ba40b000-7f38ba412000 r--s 0003c000 ca:01 288207                     /home/ubuntu/.m2/repository/org/eclipse/persistence/org.eclipse.persistence.asm/2.5.2/org.eclipse.persistence.asm-2.5.2.jar
7f38ba412000-7f38ba450000 r--s 00495000 ca:01 288206                     /home/ubuntu/.m2/repository/org/eclipse/persistence/org.eclipse.persistence.core/2.5.2/org.eclipse.persistence.core-2.5.2.jar
7f38ba450000-7f38ba453000 r--s 0001a000 ca:01 151633                     /usr/lib/jvm/java-8-oracle/jre/lib/jce.jar
7f38ba453000-7f38ba455000 r--s 0000e000 ca:01 288183                     /home/ubuntu/.m2/repository/javax/activation/activation/1.1/activation-1.1.jar
7f38ba455000-7f38ba45d000 r--s 00078000 ca:01 288182                     /home/ubuntu/.m2/repository/javax/mail/mail/1.4.7/mail-1.4.7.jar
7f38ba45d000-7f38ba467000 r--s 0005f000 ca:01 288180                     /home/ubuntu/.m2/repository/ch/qos/logback/logback-core/1.1.2/logback-core-1.1.2.jar
7f38ba467000-7f38ba46d000 r--s 0003d000 ca:01 288179                     /home/ubuntu/.m2/repository/ch/qos/logback/logback-classic/1.1.2/logback-classic-1.1.2.jar
7f38ba46d000-7f38ba46f000 r--s 00005000 ca:01 288178                     /home/ubuntu/.m2/repository/org/slf4j/slf4j-api/1.6.2/slf4j-api-1.6.2.jar
7f38ba46f000-7f38ba470000 r--s 00001000 ca:01 288177                     /home/ubuntu/.m2/repository/org/slf4j/slf4j-simple/1.6.2/slf4j-simple-1.6.2.jar
7f38ba470000-7f38ba670000 rw-p 00000000 00:00 0 
7f38ba670000-7f38ba870000 rw-p 00000000 00:00 0 
7f38ba870000-7f38ba8e9000 r--s 010e3000 ca:01 153274                     /usr/lib/jvm/java-8-oracle/lib/tools.jar
7f38ba8e9000-7f38ba8ec000 r--s 0001b000 ca:01 170633                     /home/ubuntu/.m2/repository/junit/junit/3.8.2/junit-3.8.2.jar
7f38ba8ec000-7f38ba8fa000 r--s 0008f000 ca:01 288661                     /home/ubuntu/.m2/repository/com/google/collections/google-collections/1.0/google-collections-1.0.jar
7f38ba8fa000-7f38ba8fb000 r--s 0000a000 ca:01 288659                     /home/ubuntu/.m2/repository/commons-logging/commons-logging-api/1.1/commons-logging-api-1.1.jar
7f38ba8fb000-7f38ba902000 r--s 00051000 ca:01 288660                     /home/ubuntu/.m2/repository/log4j/log4j/1.2.12/log4j-1.2.12.jar
7f38ba902000-7f38ba906000 r--s 0001d000 ca:01 288653                     /home/ubuntu/.m2/repository/org/apache/xbean/xbean-reflect/3.4/xbean-reflect-3.4.jar
7f38ba906000-7f38ba907000 r--s 00004000 ca:01 288654                     /home/ubuntu/.m2/repository/org/codehaus/plexus/plexus-compiler-javac/2.2/plexus-compiler-javac-2.2.jar
7f38ba907000-7f38ba909000 r--s 00000000 ca:01 288651                     /home/ubuntu/.m2/repository/org/codehaus/plexus/plexus-compiler-manager/2.2/plexus-compiler-manager-2.2.jar
7f38ba909000-7f38ba90b000 r--s 00005000 ca:01 288652                     /home/ubuntu/.m2/repository/org/codehaus/plexus/plexus-compiler-api/2.2/plexus-compiler-api-2.2.jar
7f38ba90b000-7f38ba90d000 r--s 00000000 ca:01 288646                     /home/ubuntu/.m2/repository/org/codehaus/plexus/plexus-component-annotations/1.5.5/plexus-component-annotations-1.5.5.jar
7f38ba90d000-7f38ba90f000 r--s 00002000 ca:01 288645                     /home/ubuntu/.m2/repository/org/apache/maven/shared/maven-shared-incremental/1.1/maven-shared-incremental-1.1.jar
7f38ba90f000-7f38ba911000 r--s 00006000 ca:01 288644                     /home/ubuntu/.m2/repository/com/google/code/findbugs/jsr305/2.0.1/jsr305-2.0.1.jar
7f38ba911000-7f38ba914000 r--s 00023000 ca:01 288643                     /home/ubuntu/.m2/repository/org/apache/maven/shared/maven-shared-utils/0.1/maven-shared-utils-0.1.jar
7f38ba914000-7f38ba918000 r--s 00030000 ca:01 288642                     /home/ubuntu/.m2/repository/org/codehaus/plexus/plexus-utils/1.5.1/plexus-utils-1.5.1.jar
7f38ba918000-7f38ba91a000 r--s 00009000 ca:01 286681                     /home/ubuntu/.m2/repository/org/apache/maven/plugins/maven-compiler-plugin/3.1/maven-compiler-plugin-3.1.jar
7f38ba91a000-7f38ba91c000 r--s 0000b000 ca:01 288397                     /home/ubuntu/.m2/repository/org/codehaus/plexus/plexus-interpolation/1.6/plexus-interpolation-1.6.jar
7f38ba91c000-7f38ba91e000 r--s 00002000 ca:01 288396                     /home/ubuntu/.m2/repository/org/codehaus/plexus/plexus-interactivity-api/1.0-alpha-4/plexus-interactivity-api-1.0-alpha-4.jar
7f38ba91e000-7f38ba920000 r--s 00006000 ca:01 170541                     /home/ubuntu/.m2/repository/commons-cli/commons-cli/1.0/commons-cli-1.0.jar
7f38ba920000-7f38ba921000 r--s 00001000 ca:01 288390                     /home/ubuntu/.m2/repository/org/apache/maven/doxia/doxia-sink-api/1.0-alpha-7/doxia-sink-api-1.0-alpha-7.jar
7f38ba921000-7f38ba922000 r--s 00002000 ca:01 288389                     /home/ubuntu/.m2/repository/org/apache/maven/reporting/maven-reporting-api/2.0.6/maven-reporting-api-2.0.6.jar
7f38ba922000-7f38ba924000 r--s 00007000 ca:01 288388                     /home/ubuntu/.m2/repository/org/apache/maven/shared/maven-filtering/1.0-beta-2/maven-filtering-1.0-beta-2.jar
7f38ba924000-7f38ba929000 r--s 00039000 ca:01 288387                     /home/ubuntu/.m2/repository/org/codehaus/plexus/plexus-utils/1.5.6/plexus-utils-1.5.6.jar
7f38ba929000-7f38ba92c000 r--s 0001b000 ca:01 288386                     /home/ubuntu/.m2/repository/junit/junit/3.8.1/junit-3.8.1.jar
7f38ba92c000-7f38ba92e000 r--s 00004000 ca:01 286653                     /home/ubuntu/.m2/repository/org/apache/maven/plugins/maven-resources-plugin/2.3/maven-resources-plugin-2.3.jar
7f38ba92e000-7f38bab2e000 rw-p 00000000 00:00 0 
7f38bab2e000-7f38bab3f000 r-xp 00000000 ca:01 151942                     /usr/lib/jvm/java-8-oracle/jre/lib/amd64/libnio.so
7f38bab3f000-7f38bad3e000 ---p 00011000 ca:01 151942                     /usr/lib/jvm/java-8-oracle/jre/lib/amd64/libnio.so
7f38bad3e000-7f38bad3f000 rw-p 00010000 ca:01 151942                     /usr/lib/jvm/java-8-oracle/jre/lib/amd64/libnio.so
7f38bad3f000-7f38bad55000 r-xp 00000000 ca:01 151941                     /usr/lib/jvm/java-8-oracle/jre/lib/amd64/libnet.so
7f38bad55000-7f38baf55000 ---p 00016000 ca:01 151941                     /usr/lib/jvm/java-8-oracle/jre/lib/amd64/libnet.so
7f38baf55000-7f38baf56000 rw-p 00016000 ca:01 151941                     /usr/lib/jvm/java-8-oracle/jre/lib/amd64/libnet.so
7f38baf56000-7f38bb156000 rw-p 00000000 00:00 0 
7f38bb156000-7f38bb15a000 r--s 00097000 ca:01 151955                     /usr/lib/jvm/java-8-oracle/jre/lib/jsse.jar
7f38bb15a000-7f38bb35a000 rw-p 00000000 00:00 0 
7f38bb35a000-7f38bb366000 r--s 0007c000 ca:01 30131                      /usr/share/java/maven3-core-3.0.5.jar
7f38bb366000-7f38bb368000 r--s 00009000 ca:01 30133                      /usr/share/java/maven3-settings-3.0.5.jar
7f38bb368000-7f38bb36a000 r--s 00007000 ca:01 30136                      /usr/share/java/maven3-settings-builder-3.0.5.jar
7f38bb36a000-7f38bb36c000 r--s 00002000 ca:01 28875                      /usr/share/java/plexus-cipher.jar
7f38bb36c000-7f38bb378000 r--s 00082000 ca:01 29663                      /usr/share/java/sisu-guice.jar
7f38bb378000-7f38bb37a000 r--s 0000e000 ca:01 28590                      /usr/share/java/plexus-interpolation.jar
7f38bb37a000-7f38bb37c000 r--s 00007000 ca:01 28448                      /usr/share/java/commons-cli-1.2.jar
7f38bb37c000-7f38bb382000 r--s 0003e000 ca:01 30137                      /usr/share/java/maven3-compat-3.0.5.jar
7f38bb382000-7f38bb384000 r--s 0000b000 ca:01 30129                      /usr/share/java/maven3-aether-provider-3.0.5.jar
7f38bb384000-7f38bb386000 r--s 00009000 ca:01 30138                      /usr/share/java/maven3-plugin-api-3.0.5.jar
7f38bb386000-7f38bb389000 r--s 0001d000 ca:01 29792                      /usr/share/maven-repo/org/sonatype/aether/aether-impl/1.13.1/aether-impl-1.13.1.jar
7f38bb389000-7f38bb38d000 r--s 00020000 ca:01 30139                      /usr/share/java/maven3-model-builder-3.0.5.jar
7f38bb38d000-7f38bb392000 r--s 00044000 ca:01 28889                      /usr/share/java/commons-httpclient-3.1.jar
7f38bb392000-7f38bb399000 r--s 00040000 ca:01 29688                      /usr/share/java/sisu-inject-bean.jar
7f38bb399000-7f38bb39b000 r--s 00006000 ca:01 169872                     /usr/share/maven-repo/org/sonatype/aether/aether-connector-wagon/1.13.1/aether-connector-wagon-1.13.1.jar
7f38bb39b000-7f38bb39f000 r--s 0001c000 ca:01 29778                      /usr/share/maven-repo/org/sonatype/aether/aether-util/1.13.1/aether-util-1.13.1.jar
7f38bb39f000-7f38bb3a6000 r--s 0003b000 ca:01 28548                      /usr/share/java/commons-codec-1.9.jar
7f38bb3a6000-7f38bb3c2000 r--s 00110000 ca:01 30081                      /usr/share/java/wagon-http-shaded-2.x.jar
7f38bb3c2000-7f38bb3eb000 r--s 001e9000 ca:01 28483                      /usr/share/java/guava.jar
7f38bb3eb000-7f38bb3ec000 ---p 00000000 00:00 0 
7f38bb3ec000-7f38bb4ec000 rw-p 00000000 00:00 0                          [stack:10911]
7f38bb4ec000-7f38bb4ef000 ---p 00000000 00:00 0 
7f38bb4ef000-7f38bb5ed000 rw-p 00000000 00:00 0                          [stack:10910]
7f38bb5ed000-7f38bb5f0000 ---p 00000000 00:00 0 
7f38bb5f0000-7f38bb6ee000 rw-p 00000000 00:00 0                          [stack:10909]
7f38bb6ee000-7f38bb6f1000 ---p 00000000 00:00 0 
7f38bb6f1000-7f38bb7ef000 rw-p 00000000 00:00 0                          [stack:10908]
7f38bb7ef000-7f38bb7f2000 ---p 00000000 00:00 0 
7f38bb7f2000-7f38bb8f0000 rw-p 00000000 00:00 0                          [stack:10907]
7f38bb8f0000-7f38bba79000 r--p 00000000 ca:01 1577                       /usr/lib/locale/locale-archive
7f38bba79000-7f38bba7c000 ---p 00000000 00:00 0 
7f38bba7c000-7f38bbb7a000 rw-p 00000000 00:00 0                          [stack:10906]
7f38bbb7a000-7f38bbb7d000 ---p 00000000 00:00 0 
7f38bbb7d000-7f38bbc7b000 rw-p 00000000 00:00 0                          [stack:10905]
7f38bbc7b000-7f38bbc7c000 ---p 00000000 00:00 0 
7f38bbc7c000-7f38bbdcb000 rw-p 00000000 00:00 0                          [stack:10904]
7f38bbdcb000-7f38bbfa3000 r--s 03d1d000 ca:01 151809                     /usr/lib/jvm/java-8-oracle/jre/lib/rt.jar
7f38bbfa3000-7f38bc819000 rw-p 00000000 00:00 0 
7f38bc819000-7f38bc84b000 rw-p 00000000 00:00 0 
7f38bc84b000-7f38bcbd9000 ---p 00000000 00:00 0 
7f38bcbd9000-7f38bd839000 rwxp 00000000 00:00 0 
7f38bd848000-7f38bd849000 rw-p 00000000 00:00 0 
7f38bd849000-7f38cbbd9000 ---p 00000000 00:00 0 
7f38cbbd9000-7f38cbbf3000 r-xp 00000000 ca:01 151937                     /usr/lib/jvm/java-8-oracle/jre/lib/amd64/libzip.so
7f38cbbf3000-7f38cbdf3000 ---p 0001a000 ca:01 151937                     /usr/lib/jvm/java-8-oracle/jre/lib/amd64/libzip.so
7f38cbdf3000-7f38cbdf4000 rw-p 0001a000 ca:01 151937                     /usr/lib/jvm/java-8-oracle/jre/lib/amd64/libzip.so
7f38cbdf4000-7f38cbdff000 r-xp 00000000 ca:01 396081                     /lib/x86_64-linux-gnu/libnss_files-2.19.so
7f38cbdff000-7f38cbffe000 ---p 0000b000 ca:01 396081                     /lib/x86_64-linux-gnu/libnss_files-2.19.so
7f38cbffe000-7f38cbfff000 r--p 0000a000 ca:01 396081                     /lib/x86_64-linux-gnu/libnss_files-2.19.so
7f38cbfff000-7f38cc000000 rw-p 0000b000 ca:01 396081                     /lib/x86_64-linux-gnu/libnss_files-2.19.so
7f38cc000000-7f38cd06b000 rw-p 00000000 00:00 0 
7f38cd06b000-7f38d0000000 ---p 00000000 00:00 0 
7f38d0000000-7f38d0001000 r--s 00001000 ca:01 30074                      /usr/share/java/wagon-file-2.x.jar
7f38d0001000-7f38d0002000 r--s 00006000 ca:01 28883                      /usr/share/java/plexus-sec-dispatcher.jar
7f38d0002000-7f38d0003000 r--s 00003000 ca:01 29784                      /usr/share/maven-repo/org/sonatype/aether/aether-spi/1.13.1/aether-spi-1.13.1.jar
7f38d0003000-7f38d0086000 rw-p 00000000 00:00 0 
7f38d0086000-7f38d0091000 r-xp 00000000 ca:01 396083                     /lib/x86_64-linux-gnu/libnss_nis-2.19.so
7f38d0091000-7f38d0290000 ---p 0000b000 ca:01 396083                     /lib/x86_64-linux-gnu/libnss_nis-2.19.so
7f38d0290000-7f38d0291000 r--p 0000a000 ca:01 396083                     /lib/x86_64-linux-gnu/libnss_nis-2.19.so
7f38d0291000-7f38d0292000 rw-p 0000b000 ca:01 396083                     /lib/x86_64-linux-gnu/libnss_nis-2.19.so
7f38d0292000-7f38d02a9000 r-xp 00000000 ca:01 396078                     /lib/x86_64-linux-gnu/libnsl-2.19.so
7f38d02a9000-7f38d04a8000 ---p 00017000 ca:01 396078                     /lib/x86_64-linux-gnu/libnsl-2.19.so
7f38d04a8000-7f38d04a9000 r--p 00016000 ca:01 396078                     /lib/x86_64-linux-gnu/libnsl-2.19.so
7f38d04a9000-7f38d04aa000 rw-p 00017000 ca:01 396078                     /lib/x86_64-linux-gnu/libnsl-2.19.so
7f38d04aa000-7f38d04ac000 rw-p 00000000 00:00 0 
7f38d04ac000-7f38d04b5000 r-xp 00000000 ca:01 396079                     /lib/x86_64-linux-gnu/libnss_compat-2.19.so
7f38d04b5000-7f38d06b4000 ---p 00009000 ca:01 396079                     /lib/x86_64-linux-gnu/libnss_compat-2.19.so
7f38d06b4000-7f38d06b5000 r--p 00008000 ca:01 396079                     /lib/x86_64-linux-gnu/libnss_compat-2.19.so
7f38d06b5000-7f38d06b6000 rw-p 00009000 ca:01 396079                     /lib/x86_64-linux-gnu/libnss_compat-2.19.so
7f38d06b6000-7f38d06e0000 r-xp 00000000 ca:01 151908                     /usr/lib/jvm/java-8-oracle/jre/lib/amd64/libjava.so
7f38d06e0000-7f38d08e0000 ---p 0002a000 ca:01 151908                     /usr/lib/jvm/java-8-oracle/jre/lib/amd64/libjava.so
7f38d08e0000-7f38d08e2000 rw-p 0002a000 ca:01 151908                     /usr/lib/jvm/java-8-oracle/jre/lib/amd64/libjava.so
7f38d08e2000-7f38d08ef000 r-xp 00000000 ca:01 151927                     /usr/lib/jvm/java-8-oracle/jre/lib/amd64/libverify.so
7f38d08ef000-7f38d0aef000 ---p 0000d000 ca:01 151927                     /usr/lib/jvm/java-8-oracle/jre/lib/amd64/libverify.so
7f38d0aef000-7f38d0af1000 rw-p 0000d000 ca:01 151927                     /usr/lib/jvm/java-8-oracle/jre/lib/amd64/libverify.so
7f38d0af1000-7f38d0af8000 r-xp 00000000 ca:01 396103                     /lib/x86_64-linux-gnu/librt-2.19.so
7f38d0af8000-7f38d0cf7000 ---p 00007000 ca:01 396103                     /lib/x86_64-linux-gnu/librt-2.19.so
7f38d0cf7000-7f38d0cf8000 r--p 00006000 ca:01 396103                     /lib/x86_64-linux-gnu/librt-2.19.so
7f38d0cf8000-7f38d0cf9000 rw-p 00007000 ca:01 396103                     /lib/x86_64-linux-gnu/librt-2.19.so
7f38d0cf9000-7f38d0dfe000 r-xp 00000000 ca:01 396070                     /lib/x86_64-linux-gnu/libm-2.19.so
7f38d0dfe000-7f38d0ffd000 ---p 00105000 ca:01 396070                     /lib/x86_64-linux-gnu/libm-2.19.so
7f38d0ffd000-7f38d0ffe000 r--p 00104000 ca:01 396070                     /lib/x86_64-linux-gnu/libm-2.19.so
7f38d0ffe000-7f38d0fff000 rw-p 00105000 ca:01 396070                     /lib/x86_64-linux-gnu/libm-2.19.so
7f38d0fff000-7f38d1cbe000 r-xp 00000000 ca:01 151923                     /usr/lib/jvm/java-8-oracle/jre/lib/amd64/server/libjvm.so
7f38d1cbe000-7f38d1ebd000 ---p 00cbf000 ca:01 151923                     /usr/lib/jvm/java-8-oracle/jre/lib/amd64/server/libjvm.so
7f38d1ebd000-7f38d1f96000 rw-p 00cbe000 ca:01 151923                     /usr/lib/jvm/java-8-oracle/jre/lib/amd64/server/libjvm.so
7f38d1f96000-7f38d1fdf000 rw-p 00000000 00:00 0 
7f38d1fdf000-7f38d219a000 r-xp 00000000 ca:01 396047                     /lib/x86_64-linux-gnu/libc-2.19.so
7f38d219a000-7f38d2399000 ---p 001bb000 ca:01 396047                     /lib/x86_64-linux-gnu/libc-2.19.so
7f38d2399000-7f38d239d000 r--p 001ba000 ca:01 396047                     /lib/x86_64-linux-gnu/libc-2.19.so
7f38d239d000-7f38d239f000 rw-p 001be000 ca:01 396047                     /lib/x86_64-linux-gnu/libc-2.19.so
7f38d239f000-7f38d23a4000 rw-p 00000000 00:00 0 
7f38d23a4000-7f38d23a7000 r-xp 00000000 ca:01 396056                     /lib/x86_64-linux-gnu/libdl-2.19.so
7f38d23a7000-7f38d25a6000 ---p 00003000 ca:01 396056                     /lib/x86_64-linux-gnu/libdl-2.19.so
7f38d25a6000-7f38d25a7000 r--p 00002000 ca:01 396056                     /lib/x86_64-linux-gnu/libdl-2.19.so
7f38d25a7000-7f38d25a8000 rw-p 00003000 ca:01 396056                     /lib/x86_64-linux-gnu/libdl-2.19.so
7f38d25a8000-7f38d25bd000 r-xp 00000000 ca:01 153277                     /usr/lib/jvm/java-8-oracle/lib/amd64/jli/libjli.so
7f38d25bd000-7f38d27bd000 ---p 00015000 ca:01 153277                     /usr/lib/jvm/java-8-oracle/lib/amd64/jli/libjli.so
7f38d27bd000-7f38d27be000 rw-p 00015000 ca:01 153277                     /usr/lib/jvm/java-8-oracle/lib/amd64/jli/libjli.so
7f38d27be000-7f38d27d7000 r-xp 00000000 ca:01 396100                     /lib/x86_64-linux-gnu/libpthread-2.19.so
7f38d27d7000-7f38d29d6000 ---p 00019000 ca:01 396100                     /lib/x86_64-linux-gnu/libpthread-2.19.so
7f38d29d6000-7f38d29d7000 r--p 00018000 ca:01 396100                     /lib/x86_64-linux-gnu/libpthread-2.19.so
7f38d29d7000-7f38d29d8000 rw-p 00019000 ca:01 396100                     /lib/x86_64-linux-gnu/libpthread-2.19.so
7f38d29d8000-7f38d29dc000 rw-p 00000000 00:00 0 
7f38d29dc000-7f38d29ff000 r-xp 00000000 ca:01 396037                     /lib/x86_64-linux-gnu/ld-2.19.so
7f38d29ff000-7f38d2a01000 r--s 00025000 ca:01 30130                      /usr/share/java/maven3-model-3.0.5.jar
7f38d2a01000-7f38d2a03000 r--s 00000000 ca:01 29636                      /usr/share/java/plexus-component-annotations-1.5-1.5.5.jar
7f38d2a03000-7f38d2a09000 r--s 0002c000 ca:01 29683                      /usr/share/java/sisu-inject-plexus.jar
7f38d2a09000-7f38d2a0b000 r--s 0000a000 ca:01 30135                      /usr/share/java/maven3-artifact-3.0.5.jar
7f38d2a0b000-7f38d2a0d000 r--s 0000a000 ca:01 30073                      /usr/share/java/wagon-provider-api-2.x.jar
7f38d2a0d000-7f38d2a0f000 r--s 00005000 ca:01 30134                      /usr/share/java/maven3-repository-metadata-3.0.5.jar
7f38d2a0f000-7f38d2a13000 r--s 00033000 ca:01 29619                      /usr/share/java/plexus-utils2-2.0.5.jar
7f38d2a13000-7f38d2a15000 r--s 00008000 ca:01 30132                      /usr/share/java/maven3-embedder-3.0.5.jar
7f38d2a15000-7f38d2a18000 r--s 00013000 ca:01 29786                      /usr/share/maven-repo/org/sonatype/aether/aether-api/1.13.1/aether-api-1.13.1.jar
7f38d2a18000-7f38d2a2f000 rw-p 00000000 00:00 0 
7f38d2a2f000-7f38d2a6c000 ---p 00000000 00:00 0 
7f38d2a6c000-7f38d2a78000 rw-p 00000000 00:00 0 
7f38d2a78000-7f38d2a95000 ---p 00000000 00:00 0 
7f38d2a95000-7f38d2aad000 rw-p 00000000 00:00 0 
7f38d2aad000-7f38d2ae9000 ---p 00000000 00:00 0 
7f38d2ae9000-7f38d2aea000 rw-p 00000000 00:00 0 
7f38d2aea000-7f38d2af2000 rw-s 00000000 ca:01 170940                     /tmp/hsperfdata_ubuntu/10892
7f38d2af2000-7f38d2af5000 ---p 00000000 00:00 0 
7f38d2af5000-7f38d2bf7000 rw-p 00000000 00:00 0                          [stack:10903]
7f38d2bf7000-7f38d2bf8000 r--s 0000d000 ca:01 28090                      /usr/share/java/commons-logging-1.1.3.jar
7f38d2bf8000-7f38d2bfa000 r--s 0000a000 ca:01 28415                      /usr/share/java/plexus-classworlds2-2.5.1.jar
7f38d2bfa000-7f38d2bfb000 rw-p 00000000 00:00 0 
7f38d2bfb000-7f38d2bfc000 r--p 00000000 00:00 0 
7f38d2bfc000-7f38d2bfe000 rw-p 00000000 00:00 0 
7f38d2bfe000-7f38d2bff000 r--p 00022000 ca:01 396037                     /lib/x86_64-linux-gnu/ld-2.19.so
7f38d2bff000-7f38d2c00000 rw-p 00023000 ca:01 396037                     /lib/x86_64-linux-gnu/ld-2.19.so
7f38d2c00000-7f38d2c01000 rw-p 00000000 00:00 0 
7ffd4e49d000-7ffd4e4be000 rw-p 00000000 00:00 0                          [stack]
7ffd4e4ea000-7ffd4e4ec000 r-xp 00000000 00:00 0                          [vdso]
ffffffffff600000-ffffffffff601000 r-xp 00000000 00:00 0                  [vsyscall]

VM Arguments:
jvm_args: -Dclassworlds.conf=/usr/share/maven/bin/m2.conf -Dmaven.home=/usr/share/maven 
java_command: org.codehaus.plexus.classworlds.launcher.Launcher tomcat7:redeploy
java_class_path (initial): /usr/share/maven/boot/plexus-classworlds-2.x.jar
Launcher Type: SUN_STANDARD

Environment Variables:
JAVA_HOME=/usr/lib/jvm/java-8-oracle
PATH=/usr/local/sbin:/usr/local/bin:/usr/sbin:/usr/bin:/sbin:/bin:/usr/games:/usr/local/games:/usr/lib/jvm/java-8-oracle/bin:/usr/lib/jvm/java-8-oracle/db/bin:/usr/lib/jvm/java-8-oracle/jre/bin
SHELL=/bin/bash
DISPLAY=localhost:10.0

Signal Handlers:
SIGSEGV: [libjvm.so+0xabb070], sa_mask[0]=11111111011111111101111111111110, sa_flags=SA_RESTART|SA_SIGINFO
SIGBUS: [libjvm.so+0xabb070], sa_mask[0]=11111111011111111101111111111110, sa_flags=SA_RESTART|SA_SIGINFO
SIGFPE: [libjvm.so+0x918480], sa_mask[0]=11111111011111111101111111111110, sa_flags=SA_RESTART|SA_SIGINFO
SIGPIPE: [libjvm.so+0x918480], sa_mask[0]=11111111011111111101111111111110, sa_flags=SA_RESTART|SA_SIGINFO
SIGXFSZ: [libjvm.so+0x918480], sa_mask[0]=11111111011111111101111111111110, sa_flags=SA_RESTART|SA_SIGINFO
SIGILL: [libjvm.so+0x918480], sa_mask[0]=11111111011111111101111111111110, sa_flags=SA_RESTART|SA_SIGINFO
SIGUSR1: SIG_DFL, sa_mask[0]=00000000000000000000000000000000, sa_flags=none
SIGUSR2: [libjvm.so+0x919ab0], sa_mask[0]=00000000000000000000000000000000, sa_flags=SA_RESTART|SA_SIGINFO
SIGHUP: [libjvm.so+0x91aeb0], sa_mask[0]=11111111011111111101111111111110, sa_flags=SA_RESTART|SA_SIGINFO
SIGINT: [libjvm.so+0x91aeb0], sa_mask[0]=11111111011111111101111111111110, sa_flags=SA_RESTART|SA_SIGINFO
SIGTERM: [libjvm.so+0x91aeb0], sa_mask[0]=11111111011111111101111111111110, sa_flags=SA_RESTART|SA_SIGINFO
SIGQUIT: [libjvm.so+0x91aeb0], sa_mask[0]=11111111011111111101111111111110, sa_flags=SA_RESTART|SA_SIGINFO


---------------  S Y S T E M  ---------------

OS:DISTRIB_ID=Ubuntu
DISTRIB_RELEASE=14.04
DISTRIB_CODENAME=trusty
DISTRIB_DESCRIPTION="Ubuntu 14.04.3 LTS"

uname:Linux 3.13.0-74-generic #118-Ubuntu SMP Thu Dec 17 22:52:10 UTC 2015 x86_64
libc:glibc 2.19 NPTL 2.19 
rlimit: STACK 8192k, CORE 0k, NPROC 7862, NOFILE 4096, AS infinity
load average:0.42 0.12 0.08

/proc/meminfo:
MemTotal:        1016324 kB
MemFree:           51932 kB
Buffers:             508 kB
Cached:            13548 kB
SwapCached:            0 kB
Active:           911588 kB
Inactive:          10400 kB
Active(anon):     908100 kB
Inactive(anon):      600 kB
Active(file):       3488 kB
Inactive(file):     9800 kB
Unevictable:           0 kB
Mlocked:               0 kB
SwapTotal:             0 kB
SwapFree:              0 kB
Dirty:               196 kB
Writeback:             0 kB
AnonPages:        907996 kB
Mapped:             5824 kB
Shmem:               676 kB
Slab:              23060 kB
SReclaimable:      12184 kB
SUnreclaim:        10876 kB
KernelStack:        1392 kB
PageTables:         5896 kB
NFS_Unstable:          0 kB
Bounce:                0 kB
WritebackTmp:          0 kB
CommitLimit:      508160 kB
Committed_AS:     651204 kB
VmallocTotal:   34359738367 kB
VmallocUsed:        4472 kB
VmallocChunk:   34359726940 kB
HardwareCorrupted:     0 kB
AnonHugePages:    567296 kB
HugePages_Total:       0
HugePages_Free:        0
HugePages_Rsvd:        0
HugePages_Surp:        0
Hugepagesize:       2048 kB
DirectMap4k:       28672 kB
DirectMap2M:     1150976 kB


CPU:total 1 (1 cores per cpu, 1 threads per core) family 6 model 62 stepping 4, cmov, cx8, fxsr, mmx, sse, sse2, sse3, ssse3, sse4.1, sse4.2, popcnt, avx, aes, clmul, erms, tsc

/proc/cpuinfo:
processor	: 0
vendor_id	: GenuineIntel
cpu family	: 6
model		: 62
model name	: Intel(R) Xeon(R) CPU E5-2670 v2 @ 2.50GHz
stepping	: 4
microcode	: 0x415
cpu MHz		: 2494.018
cache size	: 25600 KB
physical id	: 0
siblings	: 1
core id		: 0
cpu cores	: 1
apicid		: 0
initial apicid	: 0
fpu		: yes
fpu_exception	: yes
cpuid level	: 13
wp		: yes
flags		: fpu vme de pse tsc msr pae mce cx8 apic sep mtrr pge mca cmov pat pse36 clflush mmx fxsr sse sse2 ht syscall nx rdtscp lm constant_tsc rep_good nopl xtopology eagerfpu pni pclmulqdq ssse3 cx16 pcid sse4_1 sse4_2 x2apic popcnt tsc_deadline_timer aes xsave avx f16c rdrand hypervisor lahf_lm xsaveopt fsgsbase smep erms
bogomips	: 4988.03
clflush size	: 64
cache_alignment	: 64
address sizes	: 46 bits physical, 48 bits virtual
power management:



Memory: 4k page, physical 1016324k(51932k free), swap 0k(0k free)

vm_info: Java HotSpot(TM) 64-Bit Server VM (25.72-b15) for linux-amd64 JRE (1.8.0_72-b15), built on Dec 22 2015 22:00:07 by "java_re" with gcc 4.3.0 20080428 (Red Hat 4.3.0-8)

time: Tue Feb 23 20:27:45 2016
elapsed time: 11 seconds (0d 0h 0m 11s)

