#
# There is insufficient memory for the Java Runtime Environment to continue.
# Native memory allocation (mmap) failed to map 11206656 bytes for committing reserved memory.
# Possible reasons:
#   The system is out of physical RAM or swap space
#   In 32 bit mode, the process size limit was hit
# Possible solutions:
#   Reduce memory load on the system
#   Increase physical memory or swap space
#   Check if swap backing store is full
#   Use 64 bit Java on a 64 bit OS
#   Decrease Java heap size (-Xmx/-Xms)
#   Decrease number of Java threads
#   Decrease Java thread stack sizes (-Xss)
#   Set larger code cache with -XX:ReservedCodeCacheSize=
# This output file may be truncated or incomplete.
#
#  Out of Memory Error (os_linux.cpp:2627), pid=27778, tid=140680266110720
#
# JRE version:  (8.0_72-b15) (build )
# Java VM: Java HotSpot(TM) 64-Bit Server VM (25.72-b15 mixed mode linux-amd64 compressed oops)
# Failed to write core dump. Core dumps have been disabled. To enable core dumping, try "ulimit -c unlimited" before starting Java again
#

---------------  T H R E A D  ---------------

Current thread (0x00007ff2a400a000):  JavaThread "Unknown thread" [_thread_in_vm, id=27779, stack(0x00007ff2ad39d000,0x00007ff2ad49e000)]

Stack: [0x00007ff2ad39d000,0x00007ff2ad49e000],  sp=0x00007ff2ad49c300,  free space=1020k
Native frames: (J=compiled Java code, j=interpreted, Vv=VM code, C=native code)
V  [libjvm.so+0xaba7ea]  VMError::report_and_die()+0x2ba
V  [libjvm.so+0x4f9e3b]  report_vm_out_of_memory(char const*, int, unsigned long, VMErrorType, char const*)+0x8b
V  [libjvm.so+0x91b613]  os::Linux::commit_memory_impl(char*, unsigned long, bool)+0x103
V  [libjvm.so+0x91bb69]  os::pd_commit_memory(char*, unsigned long, unsigned long, bool)+0x29
V  [libjvm.so+0x915e6a]  os::commit_memory(char*, unsigned long, unsigned long, bool)+0x2a
V  [libjvm.so+0xab6549]  VirtualSpace::expand_by(unsigned long, bool)+0x199
V  [libjvm.so+0xab709e]  VirtualSpace::initialize(ReservedSpace, unsigned long)+0xee
V  [libjvm.so+0x5f72b1]  CardGeneration::CardGeneration(ReservedSpace, unsigned long, int, GenRemSet*)+0xf1
V  [libjvm.so+0xa5e00f]  TenuredGeneration::TenuredGeneration(ReservedSpace, unsigned long, int, GenRemSet*)+0x5f
V  [libjvm.so+0x5f85b9]  GenerationSpec::init(ReservedSpace, int, GenRemSet*)+0x339
V  [libjvm.so+0x5e705e]  GenCollectedHeap::initialize()+0x1de
V  [libjvm.so+0xa8301b]  Universe::initialize_heap()+0xfb
V  [libjvm.so+0xa8338e]  universe_init()+0x3e
V  [libjvm.so+0x6392c5]  init_globals()+0x65
V  [libjvm.so+0xa6758e]  Threads::create_vm(JavaVMInitArgs*, bool*)+0x23e
V  [libjvm.so+0x6cd7e4]  JNI_CreateJavaVM+0x74
C  [libjli.so+0x745e]  JavaMain+0x9e
C  [libpthread.so.0+0x8182]  start_thread+0xc2


---------------  P R O C E S S  ---------------

Java Threads: ( => current thread )

Other Threads:

=>0x00007ff2a400a000 (exited) JavaThread "Unknown thread" [_thread_in_vm, id=27779, stack(0x00007ff2ad39d000,0x00007ff2ad49e000)]

VM state:not at safepoint (not fully initialized)

VM Mutex/Monitor currently owned by a thread: None

GC Heap History (0 events):
No events

Deoptimization events (0 events):
No events

Internal exceptions (0 events):
No events

Events (0 events):
No events


Dynamic libraries:
00400000-00401000 r-xp 00000000 ca:01 151618                             /usr/lib/jvm/java-8-oracle/jre/bin/java
00600000-00601000 rw-p 00000000 ca:01 151618                             /usr/lib/jvm/java-8-oracle/jre/bin/java
02496000-024b7000 rw-p 00000000 00:00 0                                  [heap]
f0600000-f0b50000 rw-p 00000000 00:00 0 
f0b50000-f5950000 ---p 00000000 00:00 0 
f6400000-100000000 ---p 00000000 00:00 0 
7ff295000000-7ff295270000 rwxp 00000000 00:00 0 
7ff295270000-7ff2a4000000 ---p 00000000 00:00 0 
7ff2a4000000-7ff2a4033000 rw-p 00000000 00:00 0 
7ff2a4033000-7ff2a8000000 ---p 00000000 00:00 0 
7ff2a9ec5000-7ff2aa154000 rw-p 00000000 00:00 0 
7ff2aa154000-7ff2aa50a000 ---p 00000000 00:00 0 
7ff2aa50a000-7ff2aa524000 r-xp 00000000 ca:01 151937                     /usr/lib/jvm/java-8-oracle/jre/lib/amd64/libzip.so
7ff2aa524000-7ff2aa724000 ---p 0001a000 ca:01 151937                     /usr/lib/jvm/java-8-oracle/jre/lib/amd64/libzip.so
7ff2aa724000-7ff2aa725000 rw-p 0001a000 ca:01 151937                     /usr/lib/jvm/java-8-oracle/jre/lib/amd64/libzip.so
7ff2aa725000-7ff2aa730000 r-xp 00000000 ca:01 396081                     /lib/x86_64-linux-gnu/libnss_files-2.19.so
7ff2aa730000-7ff2aa92f000 ---p 0000b000 ca:01 396081                     /lib/x86_64-linux-gnu/libnss_files-2.19.so
7ff2aa92f000-7ff2aa930000 r--p 0000a000 ca:01 396081                     /lib/x86_64-linux-gnu/libnss_files-2.19.so
7ff2aa930000-7ff2aa931000 rw-p 0000b000 ca:01 396081                     /lib/x86_64-linux-gnu/libnss_files-2.19.so
7ff2aa931000-7ff2aa93c000 r-xp 00000000 ca:01 396083                     /lib/x86_64-linux-gnu/libnss_nis-2.19.so
7ff2aa93c000-7ff2aab3b000 ---p 0000b000 ca:01 396083                     /lib/x86_64-linux-gnu/libnss_nis-2.19.so
7ff2aab3b000-7ff2aab3c000 r--p 0000a000 ca:01 396083                     /lib/x86_64-linux-gnu/libnss_nis-2.19.so
7ff2aab3c000-7ff2aab3d000 rw-p 0000b000 ca:01 396083                     /lib/x86_64-linux-gnu/libnss_nis-2.19.so
7ff2aab3d000-7ff2aab54000 r-xp 00000000 ca:01 396078                     /lib/x86_64-linux-gnu/libnsl-2.19.so
7ff2aab54000-7ff2aad53000 ---p 00017000 ca:01 396078                     /lib/x86_64-linux-gnu/libnsl-2.19.so
7ff2aad53000-7ff2aad54000 r--p 00016000 ca:01 396078                     /lib/x86_64-linux-gnu/libnsl-2.19.so
7ff2aad54000-7ff2aad55000 rw-p 00017000 ca:01 396078                     /lib/x86_64-linux-gnu/libnsl-2.19.so
7ff2aad55000-7ff2aad57000 rw-p 00000000 00:00 0 
7ff2aad57000-7ff2aad60000 r-xp 00000000 ca:01 396079                     /lib/x86_64-linux-gnu/libnss_compat-2.19.so
7ff2aad60000-7ff2aaf5f000 ---p 00009000 ca:01 396079                     /lib/x86_64-linux-gnu/libnss_compat-2.19.so
7ff2aaf5f000-7ff2aaf60000 r--p 00008000 ca:01 396079                     /lib/x86_64-linux-gnu/libnss_compat-2.19.so
7ff2aaf60000-7ff2aaf61000 rw-p 00009000 ca:01 396079                     /lib/x86_64-linux-gnu/libnss_compat-2.19.so
7ff2aaf61000-7ff2aaf8b000 r-xp 00000000 ca:01 151908                     /usr/lib/jvm/java-8-oracle/jre/lib/amd64/libjava.so
7ff2aaf8b000-7ff2ab18b000 ---p 0002a000 ca:01 151908                     /usr/lib/jvm/java-8-oracle/jre/lib/amd64/libjava.so
7ff2ab18b000-7ff2ab18d000 rw-p 0002a000 ca:01 151908                     /usr/lib/jvm/java-8-oracle/jre/lib/amd64/libjava.so
7ff2ab18d000-7ff2ab19a000 r-xp 00000000 ca:01 151927                     /usr/lib/jvm/java-8-oracle/jre/lib/amd64/libverify.so
7ff2ab19a000-7ff2ab39a000 ---p 0000d000 ca:01 151927                     /usr/lib/jvm/java-8-oracle/jre/lib/amd64/libverify.so
7ff2ab39a000-7ff2ab39c000 rw-p 0000d000 ca:01 151927                     /usr/lib/jvm/java-8-oracle/jre/lib/amd64/libverify.so
7ff2ab39c000-7ff2ab3a3000 r-xp 00000000 ca:01 396103                     /lib/x86_64-linux-gnu/librt-2.19.so
7ff2ab3a3000-7ff2ab5a2000 ---p 00007000 ca:01 396103                     /lib/x86_64-linux-gnu/librt-2.19.so
7ff2ab5a2000-7ff2ab5a3000 r--p 00006000 ca:01 396103                     /lib/x86_64-linux-gnu/librt-2.19.so
7ff2ab5a3000-7ff2ab5a4000 rw-p 00007000 ca:01 396103                     /lib/x86_64-linux-gnu/librt-2.19.so
7ff2ab5a4000-7ff2ab6a9000 r-xp 00000000 ca:01 396070                     /lib/x86_64-linux-gnu/libm-2.19.so
7ff2ab6a9000-7ff2ab8a8000 ---p 00105000 ca:01 396070                     /lib/x86_64-linux-gnu/libm-2.19.so
7ff2ab8a8000-7ff2ab8a9000 r--p 00104000 ca:01 396070                     /lib/x86_64-linux-gnu/libm-2.19.so
7ff2ab8a9000-7ff2ab8aa000 rw-p 00105000 ca:01 396070                     /lib/x86_64-linux-gnu/libm-2.19.so
7ff2ab8aa000-7ff2ac569000 r-xp 00000000 ca:01 151923                     /usr/lib/jvm/java-8-oracle/jre/lib/amd64/server/libjvm.so
7ff2ac569000-7ff2ac768000 ---p 00cbf000 ca:01 151923                     /usr/lib/jvm/java-8-oracle/jre/lib/amd64/server/libjvm.so
7ff2ac768000-7ff2ac841000 rw-p 00cbe000 ca:01 151923                     /usr/lib/jvm/java-8-oracle/jre/lib/amd64/server/libjvm.so
7ff2ac841000-7ff2ac88a000 rw-p 00000000 00:00 0 
7ff2ac88a000-7ff2aca45000 r-xp 00000000 ca:01 396047                     /lib/x86_64-linux-gnu/libc-2.19.so
7ff2aca45000-7ff2acc44000 ---p 001bb000 ca:01 396047                     /lib/x86_64-linux-gnu/libc-2.19.so
7ff2acc44000-7ff2acc48000 r--p 001ba000 ca:01 396047                     /lib/x86_64-linux-gnu/libc-2.19.so
7ff2acc48000-7ff2acc4a000 rw-p 001be000 ca:01 396047                     /lib/x86_64-linux-gnu/libc-2.19.so
7ff2acc4a000-7ff2acc4f000 rw-p 00000000 00:00 0 
7ff2acc4f000-7ff2acc52000 r-xp 00000000 ca:01 396056                     /lib/x86_64-linux-gnu/libdl-2.19.so
7ff2acc52000-7ff2ace51000 ---p 00003000 ca:01 396056                     /lib/x86_64-linux-gnu/libdl-2.19.so
7ff2ace51000-7ff2ace52000 r--p 00002000 ca:01 396056                     /lib/x86_64-linux-gnu/libdl-2.19.so
7ff2ace52000-7ff2ace53000 rw-p 00003000 ca:01 396056                     /lib/x86_64-linux-gnu/libdl-2.19.so
7ff2ace53000-7ff2ace68000 r-xp 00000000 ca:01 151897                     /usr/lib/jvm/java-8-oracle/jre/lib/amd64/jli/libjli.so
7ff2ace68000-7ff2ad068000 ---p 00015000 ca:01 151897                     /usr/lib/jvm/java-8-oracle/jre/lib/amd64/jli/libjli.so
7ff2ad068000-7ff2ad069000 rw-p 00015000 ca:01 151897                     /usr/lib/jvm/java-8-oracle/jre/lib/amd64/jli/libjli.so
7ff2ad069000-7ff2ad082000 r-xp 00000000 ca:01 396100                     /lib/x86_64-linux-gnu/libpthread-2.19.so
7ff2ad082000-7ff2ad281000 ---p 00019000 ca:01 396100                     /lib/x86_64-linux-gnu/libpthread-2.19.so
7ff2ad281000-7ff2ad282000 r--p 00018000 ca:01 396100                     /lib/x86_64-linux-gnu/libpthread-2.19.so
7ff2ad282000-7ff2ad283000 rw-p 00019000 ca:01 396100                     /lib/x86_64-linux-gnu/libpthread-2.19.so
7ff2ad283000-7ff2ad287000 rw-p 00000000 00:00 0 
7ff2ad287000-7ff2ad2aa000 r-xp 00000000 ca:01 396037                     /lib/x86_64-linux-gnu/ld-2.19.so
7ff2ad317000-7ff2ad31a000 rw-p 00000000 00:00 0 
7ff2ad31a000-7ff2ad394000 ---p 00000000 00:00 0 
7ff2ad394000-7ff2ad395000 rw-p 00000000 00:00 0 
7ff2ad395000-7ff2ad39d000 rw-s 00000000 ca:01 170850                     /tmp/hsperfdata_ubuntu/27778
7ff2ad39d000-7ff2ad3a0000 ---p 00000000 00:00 0 
7ff2ad3a0000-7ff2ad4a3000 rw-p 00000000 00:00 0                          [stack:27779]
7ff2ad4a3000-7ff2ad4a6000 rw-p 00000000 00:00 0 
7ff2ad4a6000-7ff2ad4a7000 r--p 00000000 00:00 0 
7ff2ad4a7000-7ff2ad4a9000 rw-p 00000000 00:00 0 
7ff2ad4a9000-7ff2ad4aa000 r--p 00022000 ca:01 396037                     /lib/x86_64-linux-gnu/ld-2.19.so
7ff2ad4aa000-7ff2ad4ab000 rw-p 00023000 ca:01 396037                     /lib/x86_64-linux-gnu/ld-2.19.so
7ff2ad4ab000-7ff2ad4ac000 rw-p 00000000 00:00 0 
7ffcfe5f8000-7ffcfe61a000 rw-p 00000000 00:00 0                          [stack]
7ffcfe625000-7ffcfe627000 r-xp 00000000 00:00 0                          [vdso]
ffffffffff600000-ffffffffff601000 r-xp 00000000 00:00 0                  [vsyscall]

VM Arguments:
java_command: /home/ubuntu/MobileScanningApplication/NARMSNetbeans/NARMSServer/narms-web/target/surefire/surefirebooter6853543230431650830.jar /home/ubuntu/MobileScanningApplication/NARMSNetbeans/NARMSServer/narms-web/target/surefire/surefire4995058229520572902tmp /home/ubuntu/MobileScanningApplication/NARMSNetbeans/NARMSServer/narms-web/target/surefire/surefire4920906709938946775tmp
java_class_path (initial): /home/ubuntu/MobileScanningApplication/NARMSNetbeans/NARMSServer/narms-web/target/surefire/surefirebooter6853543230431650830.jar
Launcher Type: SUN_STANDARD

Environment Variables:
JAVA_HOME=/usr/lib/jvm/java-8-oracle
PATH=/usr/local/sbin:/usr/local/bin:/usr/sbin:/usr/bin:/sbin:/bin:/usr/games:/usr/local/games:/usr/lib/jvm/java-8-oracle/bin:/usr/lib/jvm/java-8-oracle/db/bin:/usr/lib/jvm/java-8-oracle/jre/bin
SHELL=/bin/bash
DISPLAY=localhost:10.0

Signal Handlers:
SIGSEGV: [libjvm.so+0xabb070], sa_mask[0]=11111111011111111101111111111110, sa_flags=SA_RESTART|SA_SIGINFO
SIGBUS: [libjvm.so+0xabb070], sa_mask[0]=11111111011111111101111111111110, sa_flags=SA_RESTART|SA_SIGINFO
SIGFPE: [libjvm.so+0x918480], sa_mask[0]=11111111011111111101111111111110, sa_flags=SA_RESTART|SA_SIGINFO
SIGPIPE: [libjvm.so+0x918480], sa_mask[0]=11111111011111111101111111111110, sa_flags=SA_RESTART|SA_SIGINFO
SIGXFSZ: [libjvm.so+0x918480], sa_mask[0]=11111111011111111101111111111110, sa_flags=SA_RESTART|SA_SIGINFO
SIGILL: [libjvm.so+0x918480], sa_mask[0]=11111111011111111101111111111110, sa_flags=SA_RESTART|SA_SIGINFO
SIGUSR1: SIG_DFL, sa_mask[0]=00000000000000000000000000000000, sa_flags=none
SIGUSR2: [libjvm.so+0x919ab0], sa_mask[0]=00100000000000000000000000000000, sa_flags=SA_RESTART|SA_SIGINFO
SIGHUP: SIG_DFL, sa_mask[0]=00000000000000000000000000000000, sa_flags=none
SIGINT: SIG_DFL, sa_mask[0]=00000000000000000000000000000000, sa_flags=none
SIGTERM: SIG_DFL, sa_mask[0]=00000000000000000000000000000000, sa_flags=none
SIGQUIT: SIG_DFL, sa_mask[0]=00000000000000000000000000000000, sa_flags=none


---------------  S Y S T E M  ---------------

OS:DISTRIB_ID=Ubuntu
DISTRIB_RELEASE=14.04
DISTRIB_CODENAME=trusty
DISTRIB_DESCRIPTION="Ubuntu 14.04.3 LTS"

uname:Linux 3.13.0-74-generic #118-Ubuntu SMP Thu Dec 17 22:52:10 UTC 2015 x86_64
libc:glibc 2.19 NPTL 2.19 
rlimit: STACK 8192k, CORE 0k, NPROC 7862, NOFILE 4096, AS infinity
load average:0.44 0.28 0.22

/proc/meminfo:
MemTotal:        1016324 kB
MemFree:           62816 kB
Buffers:             416 kB
Cached:            14952 kB
SwapCached:            0 kB
Active:           902968 kB
Inactive:           9404 kB
Active(anon):     897076 kB
Inactive(anon):      600 kB
Active(file):       5892 kB
Inactive(file):     8804 kB
Unevictable:           0 kB
Mlocked:               0 kB
SwapTotal:             0 kB
SwapFree:              0 kB
Dirty:               520 kB
Writeback:             0 kB
AnonPages:        897016 kB
Mapped:            10776 kB
Shmem:               676 kB
Slab:              21432 kB
SReclaimable:      10396 kB
SUnreclaim:        11036 kB
KernelStack:        1472 kB
PageTables:         6112 kB
NFS_Unstable:          0 kB
Bounce:                0 kB
WritebackTmp:          0 kB
CommitLimit:      508160 kB
Committed_AS:     665696 kB
VmallocTotal:   34359738367 kB
VmallocUsed:        4504 kB
VmallocChunk:   34359726428 kB
HardwareCorrupted:     0 kB
AnonHugePages:    468992 kB
HugePages_Total:       0
HugePages_Free:        0
HugePages_Rsvd:        0
HugePages_Surp:        0
Hugepagesize:       2048 kB
DirectMap4k:       28672 kB
DirectMap2M:     1150976 kB


CPU:total 1 (1 cores per cpu, 1 threads per core) family 6 model 62 stepping 4, cmov, cx8, fxsr, mmx, sse, sse2, sse3, ssse3, sse4.1, sse4.2, popcnt, avx, aes, clmul, erms, tsc

/proc/cpuinfo:
processor	: 0
vendor_id	: GenuineIntel
cpu family	: 6
model		: 62
model name	: Intel(R) Xeon(R) CPU E5-2670 v2 @ 2.50GHz
stepping	: 4
microcode	: 0x415
cpu MHz		: 2494.018
cache size	: 25600 KB
physical id	: 0
siblings	: 1
core id		: 0
cpu cores	: 1
apicid		: 0
initial apicid	: 0
fpu		: yes
fpu_exception	: yes
cpuid level	: 13
wp		: yes
flags		: fpu vme de pse tsc msr pae mce cx8 apic sep mtrr pge mca cmov pat pse36 clflush mmx fxsr sse sse2 ht syscall nx rdtscp lm constant_tsc rep_good nopl xtopology eagerfpu pni pclmulqdq ssse3 cx16 pcid sse4_1 sse4_2 x2apic popcnt tsc_deadline_timer aes xsave avx f16c rdrand hypervisor lahf_lm xsaveopt fsgsbase smep erms
bogomips	: 4988.03
clflush size	: 64
cache_alignment	: 64
address sizes	: 46 bits physical, 48 bits virtual
power management:



Memory: 4k page, physical 1016324k(62816k free), swap 0k(0k free)

vm_info: Java HotSpot(TM) 64-Bit Server VM (25.72-b15) for linux-amd64 JRE (1.8.0_72-b15), built on Dec 22 2015 22:00:07 by "java_re" with gcc 4.3.0 20080428 (Red Hat 4.3.0-8)

time: Thu Mar 17 19:36:59 2016
elapsed time: 0 seconds (0d 0h 0m 0s)

