0 info it worked if it ends with ok
1 verbose cli [ 'node', '/usr/bin/npm', 'install', 'ionic-datepicker', '--save' ]
2 info using npm@3.7.3
3 info using node@v0.10.42
4 verbose node symlink /usr/bin/node
5 silly loadCurrentTree Starting
6 silly install loadCurrentTree
7 silly install readLocalPackageData
8 silly fetchPackageMetaData ionic-datepicker
9 silly fetchNamedPackageData ionic-datepicker
10 silly mapToRegistry name ionic-datepicker
11 silly mapToRegistry using default registry
12 silly mapToRegistry registry https://registry.npmjs.org/
13 silly mapToRegistry uri https://registry.npmjs.org/ionic-datepicker
14 verbose request uri https://registry.npmjs.org/ionic-datepicker
15 verbose request no auth needed
16 info attempt registry request try #1 at 13:52:38
17 verbose request id 7647819c6b04abc8
18 http request GET https://registry.npmjs.org/ionic-datepicker
19 http 404 https://registry.npmjs.org/ionic-datepicker
20 verbose headers { server: 'CouchDB/1.5.0 (Erlang OTP/R16B03)',
20 verbose headers   etag: '"ESOKDTTG9C66VDLQO3XTU7L5K"',
20 verbose headers   'content-type': 'application/json',
20 verbose headers   'cache-control': 'max-age=0',
20 verbose headers   'content-length': '486',
20 verbose headers   'accept-ranges': 'bytes',
20 verbose headers   date: 'Tue, 23 Feb 2016 13:52:37 GMT',
20 verbose headers   via: '1.1 varnish',
20 verbose headers   age: '0',
20 verbose headers   connection: 'keep-alive',
20 verbose headers   'x-served-by': 'cache-lax1430-LAX',
20 verbose headers   'x-cache': 'MISS',
20 verbose headers   'x-cache-hits': '0',
20 verbose headers   'x-timer': 'S1456235557.259669,VS0,VE337',
20 verbose headers   vary: 'Accept' }
21 silly get cb [ 404,
21 silly get   { server: 'CouchDB/1.5.0 (Erlang OTP/R16B03)',
21 silly get     etag: '"ESOKDTTG9C66VDLQO3XTU7L5K"',
21 silly get     'content-type': 'application/json',
21 silly get     'cache-control': 'max-age=0',
21 silly get     'content-length': '486',
21 silly get     'accept-ranges': 'bytes',
21 silly get     date: 'Tue, 23 Feb 2016 13:52:37 GMT',
21 silly get     via: '1.1 varnish',
21 silly get     age: '0',
21 silly get     connection: 'keep-alive',
21 silly get     'x-served-by': 'cache-lax1430-LAX',
21 silly get     'x-cache': 'MISS',
21 silly get     'x-cache-hits': '0',
21 silly get     'x-timer': 'S1456235557.259669,VS0,VE337',
21 silly get     vary: 'Accept' } ]
22 silly fetchPackageMetaData Error: Registry returned 404 for GET on https://registry.npmjs.org/ionic-datepicker
22 silly fetchPackageMetaData     at makeError (/usr/lib/node_modules/npm/node_modules/npm-registry-client/lib/request.js:264:12)
22 silly fetchPackageMetaData     at CachingRegistryClient.<anonymous> (/usr/lib/node_modules/npm/node_modules/npm-registry-client/lib/request.js:242:14)
22 silly fetchPackageMetaData     at Request._callback (/usr/lib/node_modules/npm/node_modules/npm-registry-client/lib/request.js:172:14)
22 silly fetchPackageMetaData     at Request.self.callback (/usr/lib/node_modules/npm/node_modules/request/request.js:199:22)
22 silly fetchPackageMetaData     at Request.emit (events.js:98:17)
22 silly fetchPackageMetaData     at Request.<anonymous> (/usr/lib/node_modules/npm/node_modules/request/request.js:1036:10)
22 silly fetchPackageMetaData     at Request.emit (events.js:117:20)
22 silly fetchPackageMetaData     at IncomingMessage.<anonymous> (/usr/lib/node_modules/npm/node_modules/request/request.js:963:12)
22 silly fetchPackageMetaData     at IncomingMessage.emit (events.js:117:20)
22 silly fetchPackageMetaData     at _stream_readable.js:944:16
22 silly fetchPackageMetaData  error for ionic-datepicker { [Error: Registry returned 404 for GET on https://registry.npmjs.org/ionic-datepicker] pkgid: 'ionic-datepicker', statusCode: 404, code: 'E404' }
23 silly rollbackFailedOptional Starting
24 silly rollbackFailedOptional Finishing
25 silly runTopLevelLifecycles Starting
26 silly runTopLevelLifecycles Finishing
27 silly install printInstalled
28 verbose stack Error: Registry returned 404 for GET on https://registry.npmjs.org/ionic-datepicker
28 verbose stack     at makeError (/usr/lib/node_modules/npm/node_modules/npm-registry-client/lib/request.js:264:12)
28 verbose stack     at CachingRegistryClient.<anonymous> (/usr/lib/node_modules/npm/node_modules/npm-registry-client/lib/request.js:242:14)
28 verbose stack     at Request._callback (/usr/lib/node_modules/npm/node_modules/npm-registry-client/lib/request.js:172:14)
28 verbose stack     at Request.self.callback (/usr/lib/node_modules/npm/node_modules/request/request.js:199:22)
28 verbose stack     at Request.emit (events.js:98:17)
28 verbose stack     at Request.<anonymous> (/usr/lib/node_modules/npm/node_modules/request/request.js:1036:10)
28 verbose stack     at Request.emit (events.js:117:20)
28 verbose stack     at IncomingMessage.<anonymous> (/usr/lib/node_modules/npm/node_modules/request/request.js:963:12)
28 verbose stack     at IncomingMessage.emit (events.js:117:20)
28 verbose stack     at _stream_readable.js:944:16
29 verbose statusCode 404
30 verbose pkgid ionic-datepicker
31 verbose cwd /home/ubuntu/MobileScanningApplication/NARMSNetbeans/NARMSIonicMobile
32 error Linux 3.13.0-74-generic
33 error argv "node" "/usr/bin/npm" "install" "ionic-datepicker" "--save"
34 error node v0.10.42
35 error npm  v3.7.3
36 error code E404
37 error 404 Registry returned 404 for GET on https://registry.npmjs.org/ionic-datepicker
38 error 404
39 error 404 'ionic-datepicker' is not in the npm registry.
40 error 404 You should bug the author to publish it (or use the name yourself!)
41 error 404 Note that you can also install from a
42 error 404 tarball, folder, http url, or git url.
43 verbose exit [ 1, true ]
